<?xml version="1.0" encoding="UTF-8" ?>
<testsuite tests="6" failures="1" name="TestSuite" time="27.274" errors="0" skipped="0">
  <properties>
[...]
</properties>
  <testcase classname="TestAddressPage" name="testSingIn" time="9.612"/>
  <testcase classname="TestAddressPage" name="testClickAddressLink" time="2.081"/>
  <testcase classname="TestOpenBrowser" name="testOne" time="2.094">
    <failure message="
Parameter &apos;webDriverName&apos; is required by @Test on method testOne but has not been marked @Optional or defined
" type="org.testng.TestNGException">org.testng.TestNGException: 
Parameter &apos;webDriverName&apos; is required by @Test on method testOne but has not been marked @Optional or defined

	at org.testng.internal.Parameters.createParams(Parameters.java:267)
	at org.testng.internal.Parameters.createParametersForMethod(Parameters.java:355)
	at org.testng.internal.Parameters.createParameters(Parameters.java:684)
	at org.testng.internal.Parameters.handleParameters(Parameters.java:888)
	at org.testng.internal.Parameters.handleParameters(Parameters.java:728)
	at org.testng.internal.invokers.ParameterHandler.handleParameters(ParameterHandler.java:72)
	at org.testng.internal.invokers.ParameterHandler.createParameters(ParameterHandler.java:51)
	at org.testng.internal.invokers.TestInvoker$MethodInvocationAgent.invoke(TestInvoker.java:917)
	at org.testng.internal.invokers.TestInvoker.invokeTestMethods(TestInvoker.java:194)
	at org.testng.internal.invokers.TestMethodWorker.invokeTestMethods(TestMethodWorker.java:148)
	at org.testng.internal.invokers.TestMethodWorker.run(TestMethodWorker.java:128)
	at java.base/java.util.ArrayList.forEach(ArrayList.java:1511)
	at org.testng.TestRunner.privateRun(TestRunner.java:806)
	at org.testng.TestRunner.run(TestRunner.java:601)
	at org.testng.SuiteRunner.runTest(SuiteRunner.java:433)
	at org.testng.SuiteRunner.runSequentially(SuiteRunner.java:427)
	at org.testng.SuiteRunner.privateRun(SuiteRunner.java:387)
	at org.testng.SuiteRunner.run(SuiteRunner.java:330)
	at org.testng.SuiteRunnerWorker.runSuite(SuiteRunnerWorker.java:52)
	at org.testng.SuiteRunnerWorker.run(SuiteRunnerWorker.java:95)
	at org.testng.TestNG.runSuitesSequentially(TestNG.java:1256)
	at org.testng.TestNG.runSuitesLocally(TestNG.java:1176)
	at org.testng.TestNG.runSuites(TestNG.java:1099)
	at org.testng.TestNG.run(TestNG.java:1067)
	at org.apache.maven.surefire.testng.TestNGExecutor.run(TestNGExecutor.java:77)
	at org.apache.maven.surefire.testng.TestNGDirectoryTestSuite.executeMulti(TestNGDirectoryTestSuite.java:159)
	at org.apache.maven.surefire.testng.TestNGDirectoryTestSuite.execute(TestNGDirectoryTestSuite.java:99)
	at org.apache.maven.surefire.testng.TestNGProvider.invoke(TestNGProvider.java:106)
	at java.base/jdk.internal.reflect.DirectMethodHandleAccessor.invoke(DirectMethodHandleAccessor.java:104)
	at java.base/java.lang.reflect.Method.invoke(Method.java:577)
	at org.apache.maven.surefire.util.ReflectionUtils.invokeMethodWithArray(ReflectionUtils.java:189)
	at org.apache.maven.surefire.booter.ProviderFactory$ProviderProxy.invoke(ProviderFactory.java:165)
	at org.apache.maven.surefire.booter.ProviderFactory.invokeProvider(ProviderFactory.java:85)
	at org.apache.maven.surefire.booter.ForkedBooter.runSuitesInProcess(ForkedBooter.java:115)
	at org.apache.maven.surefire.booter.ForkedBooter.main(ForkedBooter.java:75)
</failure>
  </testcase>
  <testcase classname="TestSingIn" name="testSingIn" time="8.634"/>
  <testcase classname="TestWithTrello.TestSignIn" name="testEnterEmail" time="1.755"/>
  <testcase classname="TestWithTrello.TestSignIn" name="testEnterPassword" time="3.098"/>
</testsuite>