<?xml version="1.0" encoding="UTF-8"?>
<testng-results ignored="0" total="2" passed="2" failed="0" skipped="0">
  <reporter-output>
  </reporter-output>
  <suite started-at="2022-10-01T12:31:02 IDT" name="Test " finished-at="2022-10-01T12:31:07 IDT" duration-ms="4780">
    <groups>
    </groups>
    <test started-at="2022-10-01T12:31:02 IDT" name="sing in" finished-at="2022-10-01T12:31:07 IDT" duration-ms="4780">
      <class name="TestWithTrello.TestSignIn">
        <test-method is-config="true" signature="setUp()[pri:0, instance:TestWithTrello.TestSignIn@1a18644]" started-at="2022-10-01T12:31:00 IDT" name="setUp" finished-at="2022-10-01T12:31:02 IDT" duration-ms="2024" status="PASS">
          <reporter-output>
          </reporter-output>
        </test-method> <!-- setUp -->
        <test-method signature="testEnterEmail()[pri:1, instance:TestWithTrello.TestSignIn@1a18644]" started-at="2022-10-01T12:31:02 IDT" name="testEnterEmail" finished-at="2022-10-01T12:31:03 IDT" duration-ms="1566" status="PASS">
          <reporter-output>
          </reporter-output>
        </test-method> <!-- testEnterEmail -->
        <test-method signature="testEnterPassword()[pri:2, instance:TestWithTrello.TestSignIn@1a18644]" started-at="2022-10-01T12:31:03 IDT" name="testEnterPassword" finished-at="2022-10-01T12:31:07 IDT" duration-ms="3136" status="PASS">
          <reporter-output>
          </reporter-output>
        </test-method> <!-- testEnterPassword -->
      </class> <!-- TestWithTrello.TestSignIn -->
    </test> <!-- sing in -->
  </suite> <!-- Test  -->
</testng-results>
